2019-12-16 23:00:19,796 [Worker-3] INFO  c.g.t.t.d.PublishedGradleVersions - Gradle version information cache is up-to-date. Trying to read.
2019-12-16 23:03:10,388 [Worker-6] WARN  o.e.r.models.ModelRepository - Failed to download org.eclipse.recommenders:index::zip:0.0.0
org.eclipse.aether.resolution.ArtifactResolutionException: Could not find artifact org.eclipse.recommenders:index:zip:0.0.0-SNAPSHOT in models (http://download.eclipse.org/recommenders/models/oxygen/)
	at org.eclipse.aether.internal.impl.DefaultArtifactResolver.resolve(DefaultArtifactResolver.java:453) ~[na:na]
	at org.eclipse.aether.internal.impl.DefaultArtifactResolver.resolveArtifacts(DefaultArtifactResolver.java:255) ~[na:na]
	at org.eclipse.aether.internal.impl.DefaultArtifactResolver.resolveArtifact(DefaultArtifactResolver.java:232) ~[na:na]
	at org.eclipse.aether.internal.impl.DefaultRepositorySystem.resolveArtifact(DefaultRepositorySystem.java:303) ~[na:na]
	at org.eclipse.recommenders.models.ModelRepository.resolveInternal(ModelRepository.java:193) [org.eclipse.recommenders.models_2.5.2.v20180401-1226.jar:na]
	at org.eclipse.recommenders.models.ModelRepository.resolve(ModelRepository.java:172) [org.eclipse.recommenders.models_2.5.2.v20180401-1226.jar:na]
	at org.eclipse.recommenders.internal.models.rcp.EclipseModelRepository.resolve(EclipseModelRepository.java:168) [org.eclipse.recommenders.models.rcp_2.5.2.v20180401-1226.jar:na]
	at org.eclipse.recommenders.internal.models.rcp.DownloadModelArchiveJob.run(DownloadModelArchiveJob.java:76) [org.eclipse.recommenders.models.rcp_2.5.2.v20180401-1226.jar:na]
	at org.eclipse.core.internal.jobs.Worker.run(Worker.java:56) [org.eclipse.core.jobs_3.9.3.v20180115-1757.jar:na]
Caused by: org.eclipse.aether.transfer.ArtifactNotFoundException: Could not find artifact org.eclipse.recommenders:index:zip:0.0.0-SNAPSHOT in models (http://download.eclipse.org/recommenders/models/oxygen/)
	at org.eclipse.aether.connector.basic.ArtifactTransportListener.transferFailed(ArtifactTransportListener.java:48) ~[org.apache.maven.resolver.connector.basic_1.0.3.v20170405-0725.jar:1.0.3]
	at org.eclipse.aether.connector.basic.BasicRepositoryConnector$TaskRunner.run(BasicRepositoryConnector.java:364) ~[org.apache.maven.resolver.connector.basic_1.0.3.v20170405-0725.jar:1.0.3]
	at org.eclipse.aether.util.concurrency.RunnableErrorForwarder$1.run(RunnableErrorForwarder.java:76) ~[na:na]
	at org.eclipse.aether.connector.basic.BasicRepositoryConnector$DirectExecutor.execute(BasicRepositoryConnector.java:590) ~[org.apache.maven.resolver.connector.basic_1.0.3.v20170405-0725.jar:1.0.3]
	at org.eclipse.aether.connector.basic.BasicRepositoryConnector.get(BasicRepositoryConnector.java:258) ~[org.apache.maven.resolver.connector.basic_1.0.3.v20170405-0725.jar:1.0.3]
	at org.eclipse.aether.internal.impl.DefaultArtifactResolver.performDownloads(DefaultArtifactResolver.java:529) ~[na:na]
	at org.eclipse.aether.internal.impl.DefaultArtifactResolver.resolve(DefaultArtifactResolver.java:430) ~[na:na]
	... 8 common frames omitted
2019-12-19 21:32:42,744 [Worker-7] INFO  c.g.t.t.d.PublishedGradleVersions - Gradle version information cache is out-of-date. Trying to update.
2019-12-19 22:07:11,200 [Worker-3] INFO  c.g.t.t.d.PublishedGradleVersions - Gradle version information cache is up-to-date. Trying to read.
2019-12-19 22:09:02,845 [Worker-1] INFO  o.e.m.c.i.p.ProjectConfigurationManager - Update started
2019-12-19 22:09:10,185 [Worker-1] INFO  o.e.m.c.i.e.AbstractTransferListenerAdapter - Downloading https://repo.maven.apache.org/maven2/org/apache/maven/plugins/maven-deploy-plugin/2.8.2/maven-deploy-plugin-2.8.2.jar
2019-12-19 22:09:10,865 [Worker-1] INFO  o.e.m.c.i.e.AbstractTransferListenerAdapter - Downloaded https://repo.maven.apache.org/maven2/org/apache/maven/plugins/maven-deploy-plugin/2.8.2/maven-deploy-plugin-2.8.2.jar
2019-12-19 22:09:12,245 [Worker-1] INFO  o.e.m.c.i.e.AbstractTransferListenerAdapter - Downloading https://repo.maven.apache.org/maven2/org/apache/maven/plugins/maven-site-plugin/3.7.1/maven-site-plugin-3.7.1.jar
2019-12-19 22:09:12,818 [Worker-1] INFO  o.e.m.c.i.e.AbstractTransferListenerAdapter - Downloaded https://repo.maven.apache.org/maven2/org/apache/maven/plugins/maven-site-plugin/3.7.1/maven-site-plugin-3.7.1.jar
2019-12-19 22:09:18,104 [Worker-1] INFO  o.e.m.c.i.l.LifecycleMappingFactory - Using org.eclipse.m2e.jdt.JarLifecycleMapping lifecycle mapping for MavenProject: com.fiserv.mms:Mavendemo:1.0-SNAPSHOT @ C:\Java Home\Project\Mavendemo\pom.xml.
2019-12-19 22:09:23,064 [Worker-1] INFO  o.e.m.j.i.AbstractJavaProjectConfigurator - Adding source folder /Mavendemo/src/main/java
2019-12-19 22:09:23,255 [Worker-1] INFO  o.e.m.j.i.AbstractJavaProjectConfigurator - Adding source folder /Mavendemo/src/test/java
2019-12-19 22:09:25,556 [Worker-8] INFO  o.e.m.c.i.embedder.EclipseLogger - Using 'UTF-8' encoding to copy filtered resources.
2019-12-19 22:09:25,561 [Worker-8] INFO  o.e.m.c.i.embedder.EclipseLogger - skip non existing resourceDirectory C:\Java Home\Project\Mavendemo\src\main\resources
2019-12-19 22:09:25,645 [Worker-8] INFO  o.e.m.c.i.embedder.EclipseLogger - Using 'UTF-8' encoding to copy filtered resources.
2019-12-19 22:09:25,645 [Worker-8] INFO  o.e.m.c.i.embedder.EclipseLogger - skip non existing resourceDirectory C:\Java Home\Project\Mavendemo\src\test\resources
2019-12-19 22:09:25,883 [Worker-1] INFO  o.e.m.c.i.p.ProjectConfigurationManager - Update completed: 23 sec
2019-12-19 22:11:23,237 [Worker-0] INFO  o.e.m.i.launch.MavenLaunchDelegate - C:\Java Home\Project\Mavendemo
2019-12-19 22:11:23,239 [Worker-0] INFO  o.e.m.i.launch.MavenLaunchDelegate -  mvn -B clean
2019-12-19 22:11:33,111 [Worker-2] INFO  o.e.m.c.i.embedder.EclipseLogger - Using 'UTF-8' encoding to copy filtered resources.
2019-12-19 22:11:33,111 [Worker-2] INFO  o.e.m.c.i.embedder.EclipseLogger - skip non existing resourceDirectory C:\Java Home\Project\Mavendemo\src\main\resources
2019-12-19 22:11:33,119 [Worker-2] INFO  o.e.m.c.i.embedder.EclipseLogger - Using 'UTF-8' encoding to copy filtered resources.
2019-12-19 22:11:33,119 [Worker-2] INFO  o.e.m.c.i.embedder.EclipseLogger - skip non existing resourceDirectory C:\Java Home\Project\Mavendemo\src\test\resources
2019-12-19 22:12:26,775 [main] INFO  o.e.m2e.actions.ExecutePomAction - Creating new launch configuration
2019-12-19 22:12:36,704 [Worker-4] INFO  o.e.m.i.launch.MavenLaunchDelegate - C:\Java Home\Project\Mavendemo
2019-12-19 22:12:36,705 [Worker-4] INFO  o.e.m.i.launch.MavenLaunchDelegate -  mvn -B complie
2019-12-19 22:13:01,404 [main] INFO  o.e.m2e.actions.ExecutePomAction - Creating new launch configuration
2019-12-19 22:13:08,483 [Worker-1] INFO  o.e.m.i.launch.MavenLaunchDelegate - C:\Java Home\Project\Mavendemo
2019-12-19 22:13:08,484 [Worker-1] INFO  o.e.m.i.launch.MavenLaunchDelegate -  mvn -B compile
2019-12-19 22:13:38,157 [main] INFO  o.e.m2e.actions.ExecutePomAction - Creating new launch configuration
2019-12-19 22:13:47,441 [Worker-4] INFO  o.e.m.i.launch.MavenLaunchDelegate - C:\Java Home\Project\Mavendemo
2019-12-19 22:13:47,442 [Worker-4] INFO  o.e.m.i.launch.MavenLaunchDelegate -  mvn -B test-compile
2019-12-19 22:14:15,491 [Worker-1] INFO  o.e.m.i.launch.MavenLaunchDelegate - C:\Java Home\Project\Mavendemo
2019-12-19 22:14:15,491 [Worker-1] INFO  o.e.m.i.launch.MavenLaunchDelegate -  mvn -B install
2019-12-19 22:14:35,584 [Worker-3] INFO  o.e.m.c.i.embedder.EclipseLogger - Using 'UTF-8' encoding to copy filtered resources.
2019-12-19 22:14:35,584 [Worker-3] INFO  o.e.m.c.i.embedder.EclipseLogger - skip non existing resourceDirectory C:\Java Home\Project\Mavendemo\src\main\resources
2019-12-19 22:14:35,588 [Worker-3] INFO  o.e.m.c.i.embedder.EclipseLogger - Using 'UTF-8' encoding to copy filtered resources.
2019-12-19 22:14:35,589 [Worker-3] INFO  o.e.m.c.i.embedder.EclipseLogger - skip non existing resourceDirectory C:\Java Home\Project\Mavendemo\src\test\resources
